<?xml version="1.0" encoding="UTF-8"?>
<!-- Generated by org.testng.reporters.JUnitReportReporter -->
<testsuite hostname="WKWZTPqvmdckJHX" failures="0" tests="1" name="com.qa.appiumproject.DragDropDemo" time="15.771" errors="0" timestamp="2023-09-25T13:46:58 IST" skipped="0">
  <testcase classname="com.qa.appiumproject.DragDropDemo" name="DragDropTest" time="15.771"/>
  <system-out/>
</testsuite> <!-- com.qa.appiumproject.DragDropDemo -->
