<?xml version="1.0" encoding="UTF-8"?>
<!-- Generated by org.testng.reporters.JUnitReportReporter -->
<testsuite hostname="WKWZTPqvmdckJHX" failures="0" tests="1" name="com.qa.appiumproject.SwipeDemo" time="12.495" errors="0" timestamp="2023-09-25T13:04:59 IST" skipped="0">
  <testcase classname="com.qa.appiumproject.SwipeDemo" name="swipeDemoTest" time="12.495"/>
  <system-out/>
</testsuite> <!-- com.qa.appiumproject.SwipeDemo -->
