<?xml version="1.0" encoding="UTF-8"?>
<!-- Generated by org.testng.reporters.JUnitReportReporter -->
<testsuite hostname="WKWZTPqvmdckJHX" failures="0" tests="1" name="com.qa.appiumproject.eCommerce_tc_4_Hybrid" time="59.076" errors="0" timestamp="2023-10-19T11:51:48 IST" skipped="0">
  <testcase classname="com.qa.appiumproject.eCommerce_tc_4_Hybrid" name="fillForm" time="59.076"/>
  <system-out/>
</testsuite> <!-- com.qa.appiumproject.eCommerce_tc_4_Hybrid -->
