<?xml version="1.0" encoding="UTF-8"?>
<!-- Generated by org.testng.reporters.JUnitReportReporter -->
<testsuite hostname="WKWZTPqvmdckJHX" failures="0" tests="1" name="com.qa.appiumproject.eCommerce_tc_1" time="7.528" errors="0" timestamp="2023-10-16T13:52:11 IST" skipped="0">
  <testcase classname="com.qa.appiumproject.eCommerce_tc_1" name="fillForm" time="7.528"/>
  <system-out/>
</testsuite> <!-- com.qa.appiumproject.eCommerce_tc_1 -->
