<?xml version="1.0" encoding="UTF-8"?>
<!-- Generated by org.testng.reporters.JUnitReportReporter -->
<testsuite hostname="WKWZTPqvmdckJHX" failures="0" tests="1" name="com.qa.appiumproject.eCommerce_tc_3" time="26.265" errors="0" timestamp="2023-10-16T15:18:42 IST" skipped="0">
  <testcase classname="com.qa.appiumproject.eCommerce_tc_3" name="fillForm" time="26.265"/>
  <system-out/>
</testsuite> <!-- com.qa.appiumproject.eCommerce_tc_3 -->
