<?xml version="1.0" encoding="UTF-8"?>
<!-- Generated by org.testng.reporters.JUnitReportReporter -->
<testsuite hostname="WKWZTPqvmdckJHX" failures="0" tests="1" name="com.qa.appiumproject.LongPress" time="23.504" errors="0" timestamp="2023-09-20T17:39:55 IST" skipped="0">
  <testcase classname="com.qa.appiumproject.LongPress" name="LongPressGesture" time="23.504"/>
  <system-out/>
</testsuite> <!-- com.qa.appiumproject.LongPress -->
