<?xml version="1.0" encoding="UTF-8"?>
<!-- Generated by org.testng.reporters.JUnitReportReporter -->
<testsuite hostname="WKWZTPqvmdckJHX" failures="0" tests="1" name="com.qa.appiumproject.MobileBrowserTest" time="16.010" errors="0" timestamp="2023-10-17T18:05:49 IST" skipped="0">
  <testcase classname="com.qa.appiumproject.MobileBrowserTest" name="browseTest" time="16.010"/>
  <system-out/>
</testsuite> <!-- com.qa.appiumproject.MobileBrowserTest -->
