<?xml version="1.0" encoding="UTF-8"?>
<!-- Generated by org.testng.reporters.JUnitReportReporter -->
<testsuite hostname="WKWZTPqvmdckJHX" failures="0" tests="1" name="com.qa.appiumproject.MiscellanousAppiumActions" time="20.973" errors="0" timestamp="2023-10-05T14:33:15 IST" skipped="0">
  <testcase classname="com.qa.appiumproject.MiscellanousAppiumActions" name="Miscellanous" time="20.973"/>
  <system-out/>
</testsuite> <!-- com.qa.appiumproject.MiscellanousAppiumActions -->
