<?xml version="1.0" encoding="UTF-8"?>
<!-- Generated by org.testng.reporters.JUnitReportReporter -->
<testsuite hostname="WKWZTPqvmdckJHX" failures="0" tests="1" name="com.qa.appiumproject.ScrollDemo" time="15.583" errors="0" timestamp="2023-09-20T17:42:00 IST" skipped="0">
  <testcase classname="com.qa.appiumproject.ScrollDemo" name="scrollDemoTest" time="15.583"/>
  <system-out/>
</testsuite> <!-- com.qa.appiumproject.ScrollDemo -->
